<?xml version="1.0" encoding="UTF-8"?>
<!-- Generated by org.testng.reporters.JUnitXMLReporter -->
<testsuite ignored="0" hostname="patil" failures="1" tests="8" name="Test" time="70.862" errors="0" timestamp="2022-10-14T16:33:36 IST">
  <testcase classname="Test1.Verifyusercanlogin" name="verifyusercanlogiN" time="2.651">
    <failure type="java.lang.AssertionError" message="Proffile name is not matching did not expect [patil] but found [patil]">
      <![CDATA[java.lang.AssertionError: Proffile name is not matching did not expect [patil] but found [patil]
at Test1.Verifyusercanlogin.verifyusercanlogiN(Verifyusercanlogin.java:65)
at java.base/java.util.ArrayList.forEach(ArrayList.java:1541)
... Removed 31 stack frames]]>
    </failure>
  </testcase> <!-- verifyusercanlogiN -->
  <testcase classname="Test1.verifyusercangetlowestpriceproduct" name="verifyusercansearchproduct" time="1.617"/>
  <testcase classname="Test1.verifyusercangetlowestpriceproduct" name="verifyfindlowestprice" time="6.817"/>
  <testcase classname="Test1.verifyusercangetlowestpriceproduct" name="test3" time="0.002"/>
  <testcase classname="Test1.verifyusercangetlowestpriceproduct" name="test4" time="0.002"/>
  <testcase classname="Test1.Verifyusercanaddadresses" name="verifyuseropenloginpag" time="0.425"/>
  <testcase classname="Test1.Verifyusercanaddadresses" name="verifyadresspageopen" time="1.201"/>
  <testcase classname="Test1.Verifyusercanaddadresses" name="verifyadresspageopen" time="1.075"/>
</testsuite> <!-- Test -->
